Program internal form:
(('main', 33), (-1, -1))
(('(', 6), (-1, -1))
((')', 7), (-1, -1))
(('{', 4), (-1, -1))
(('[', 2), (-1, -1))
(('int', 35), (-1, -1))
((']', 3), (-1, -1))
((' ', 9), (-1, -1))
(('numbers', 0), (17, 0))
((' ', 9), (-1, -1))
(('=', 21), (-1, -1))
((' ', 9), (-1, -1))
(('[', 2), (-1, -1))
(('100', 1), (26, 0))
((']', 3), (-1, -1))
(('int', 35), (-1, -1))
((' ', 9), (-1, -1))
(('n', 0), (6, 0))
(('citeste', 37), (-1, -1))
((' ', 9), (-1, -1))
(('"C"', 1), (28, 0))
((',', 13), (-1, -1))
((' ', 9), (-1, -1))
(('n', 0), (6, 0))
(('int', 35), (-1, -1))
((' ', 9), (-1, -1))
(('tmp', 0), (3, 0))
((' ', 9), (-1, -1))
(('=', 21), (-1, -1))
((' ', 9), (-1, -1))
(('n', 0), (6, 0))
(('int', 35), (-1, -1))
((' ', 9), (-1, -1))
(('i', 0), (5, 0))
((' ', 9), (-1, -1))
(('=', 21), (-1, -1))
((' ', 9), (-1, -1))
(('0', 1), (23, 0))
(('while', 42), (-1, -1))
((' ', 9), (-1, -1))
(('tmp', 0), (3, 0))
((' ', 9), (-1, -1))
(('>', 23), (-1, -1))
((' ', 9), (-1, -1))
(('0', 1), (23, 0))
((' ', 9), (-1, -1))
(('{', 4), (-1, -1))
(('citeste', 37), (-1, -1))
((' ', 9), (-1, -1))
(('"S"', 1), (13, 0))
((',', 13), (-1, -1))
((' ', 9), (-1, -1))
(('numbers', 0), (17, 0))
(('[', 2), (-1, -1))
(('i', 0), (5, 0))
((']', 3), (-1, -1))
(('i', 0), (5, 0))
(('++', 29), (-1, -1))
(('tmp', 0), (3, 0))
((' ', 9), (-1, -1))
(('--', 30), (-1, -1))
(('}', 5), (-1, -1))
(('int', 35), (-1, -1))
((' ', 9), (-1, -1))
(('sum', 0), (7, 0))
((' ', 9), (-1, -1))
(('=', 21), (-1, -1))
((' ', 9), (-1, -1))
(('0', 1), (23, 0))
(('for', 41), (-1, -1))
((' ', 9), (-1, -1))
(('int', 35), (-1, -1))
((' ', 9), (-1, -1))
(('i', 0), (5, 0))
((' ', 9), (-1, -1))
(('=', 21), (-1, -1))
((' ', 9), (-1, -1))
(('0', 1), (23, 0))
((';', 12), (-1, -1))
((' ', 9), (-1, -1))
(('i', 0), (5, 0))
((' ', 9), (-1, -1))
(('<', 19), (-1, -1))
((' ', 9), (-1, -1))
(('maxLenght', 0), (17, 1))
((';', 12), (-1, -1))
((' ', 9), (-1, -1))
(('i', 0), (5, 0))
(('++', 29), (-1, -1))
((' ', 9), (-1, -1))
(('{', 4), (-1, -1))
(('sum', 0), (7, 0))
((' ', 9), (-1, -1))
(('+=', 31), (-1, -1))
((' ', 9), (-1, -1))
(('numbers', 0), (17, 0))
(('[', 2), (-1, -1))
(('i', 0), (5, 0))
((']', 3), (-1, -1))
(('}', 5), (-1, -1))
(('afiseaza', 38), (-1, -1))
((' ', 9), (-1, -1))
(('sum', 0), (7, 0))
(('}', 5), (-1, -1))
