Symbol table
(represented as hash table)
hash: 0
	[]
hash: 1
	[]
hash: 2
	[]
hash: 3
	['tmp']
hash: 4
	[]
hash: 5
	['i']
hash: 6
	['n']
hash: 7
	['sum']
hash: 8
	[]
hash: 9
	[]
hash: 10
	[]
hash: 11
	[]
hash: 12
	[]
hash: 13
	['"S"']
hash: 14
	[]
hash: 15
	[]
hash: 16
	[]
hash: 17
	['numbers', 'maxLenght']
hash: 18
	[]
hash: 19
	[]
hash: 20
	[]
hash: 21
	[]
hash: 22
	[]
hash: 23
	['0']
hash: 24
	[]
hash: 25
	[]
hash: 26
	['100']
hash: 27
	[]
hash: 28
	['"C"']
hash: 29
	[]
hash: 30
	[]
hash: 31
	[]
